2019-03-15 00:12:31,487 [INFO] [main] o.s.data.repository.config.RepositoryConfigurationDelegate [RepositoryConfigurationDelegate.java : 163] Multiple Spring Data modules found, entering strict repository configuration mode!
2019-03-15 00:12:32,953 [WARN] [main] com.alibaba.druid.pool.DruidAbstractDataSource [DruidAbstractDataSource.java : 1176] oracle.jdbc.driver.OracleDriver is deprecated.Having use oracle.jdbc.OracleDriver.
2019-03-15 00:12:33,273 [INFO] [main] com.alibaba.druid.pool.DruidDataSource [DruidDataSource.java : 930] {dataSource-1} inited
2019-03-15 00:12:33,850 [WARN] [main] com.baomidou.mybatisplus.toolkit.TableInfoHelper [TableInfoHelper.java : 188] Warn: Could not find @TableId in Class: io.renren.modules.oss.entity.AssayEntity.
2019-03-15 00:12:33,851 [WARN] [main] com.baomidou.mybatisplus.mapper.AutoSqlInjector [AutoSqlInjector.java : 147] class io.renren.modules.oss.entity.AssayEntity ,Not found @TableId annotation, Cannot use Mybatis-Plus 'xxById' Method.
2019-03-15 00:12:36,901 [INFO] [main] org.apache.catalina.core.StandardService [DirectJDKLog.java : 180] Starting service [Tomcat]
2019-03-15 00:12:36,902 [INFO] [main] org.apache.catalina.core.StandardEngine [DirectJDKLog.java : 180] Starting Servlet Engine: Apache Tomcat/8.5.31
2019-03-15 00:12:36,947 [INFO] [localhost-startStop-1] org.apache.catalina.core.AprLifecycleListener [DirectJDKLog.java : 180] The APR based Apache Tomcat Native library which allows optimal performance in production environments was not found on the java.library.path: [C:\Program Files (x86)\Java\jdk1.8.0_162\bin;C:\Windows\Sun\Java\bin;C:\Windows\system32;C:\Windows;C:\ProgramData\Oracle\Java\javapath;E:\devenvironment\apache-maven-3.0.5-bin\apache-maven-3.0.5/bin;C:\Program Files (x86)\Java\jdk1.8.0_162\bin;C:\Program Files (x86)\Intel\iCLS Client\;C:\Program Files\Intel\iCLS Client\;C:\Windows\system32;C:\Windows;C:\Windows\System32\Wbem;C:\Windows\System32\WindowsPowerShell\v1.0\;C:\Program Files (x86)\Intel\OpenCL SDK\2.0\bin\x86;C:\Program Files (x86)\Intel\OpenCL SDK\2.0\bin\x64;C:\Program Files\Intel\Intel(R) Management Engine Components\DAL;C:\Program Files\Intel\Intel(R) Management Engine Components\IPT;C:\Program Files (x86)\Intel\Intel(R) Management Engine Components\DAL;C:\Program Files (x86)\Intel\Intel(R) Management Engine Components\IPT;C:\Program Files\ThinkPad\Bluetooth Software\;C:\Program Files\ThinkPad\Bluetooth Software\syswow64;C:\Program Files (x86)\Lenovo\Access Connections\;C:\Program Files\TortoiseSVN\bin;C:\Program Files\VanDyke Software\Clients\;C:\Program Files\Git\cmd;.]
2019-03-15 00:12:37,289 [INFO] [localhost-startStop-1] o.a.c.c.ContainerBase.[Tomcat].[localhost].[/renren-admin] [DirectJDKLog.java : 180] Initializing Spring embedded WebApplicationContext
2019-03-15 00:12:38,578 [INFO] [main] com.alibaba.druid.pool.DruidDataSource [DruidDataSource.java : 1825] {dataSource-1} closed
2019-03-15 00:12:38,583 [INFO] [main] org.apache.catalina.core.StandardService [DirectJDKLog.java : 180] Stopping service [Tomcat]
2019-03-15 00:13:43,926 [INFO] [main] o.s.data.repository.config.RepositoryConfigurationDelegate [RepositoryConfigurationDelegate.java : 163] Multiple Spring Data modules found, entering strict repository configuration mode!
2019-03-15 00:13:45,156 [WARN] [main] com.alibaba.druid.pool.DruidAbstractDataSource [DruidAbstractDataSource.java : 1176] oracle.jdbc.driver.OracleDriver is deprecated.Having use oracle.jdbc.OracleDriver.
2019-03-15 00:13:45,464 [INFO] [main] com.alibaba.druid.pool.DruidDataSource [DruidDataSource.java : 930] {dataSource-1} inited
2019-03-15 00:13:45,959 [WARN] [main] com.baomidou.mybatisplus.toolkit.TableInfoHelper [TableInfoHelper.java : 188] Warn: Could not find @TableId in Class: io.renren.modules.oss.entity.AssayEntity.
2019-03-15 00:13:45,959 [WARN] [main] com.baomidou.mybatisplus.mapper.AutoSqlInjector [AutoSqlInjector.java : 147] class io.renren.modules.oss.entity.AssayEntity ,Not found @TableId annotation, Cannot use Mybatis-Plus 'xxById' Method.
2019-03-15 00:13:48,909 [INFO] [main] org.apache.catalina.core.StandardService [DirectJDKLog.java : 180] Starting service [Tomcat]
2019-03-15 00:13:48,909 [INFO] [main] org.apache.catalina.core.StandardEngine [DirectJDKLog.java : 180] Starting Servlet Engine: Apache Tomcat/8.5.31
2019-03-15 00:13:48,922 [INFO] [localhost-startStop-1] org.apache.catalina.core.AprLifecycleListener [DirectJDKLog.java : 180] The APR based Apache Tomcat Native library which allows optimal performance in production environments was not found on the java.library.path: [C:\Program Files (x86)\Java\jdk1.8.0_162\bin;C:\Windows\Sun\Java\bin;C:\Windows\system32;C:\Windows;C:\ProgramData\Oracle\Java\javapath;E:\devenvironment\apache-maven-3.0.5-bin\apache-maven-3.0.5/bin;C:\Program Files (x86)\Java\jdk1.8.0_162\bin;C:\Program Files (x86)\Intel\iCLS Client\;C:\Program Files\Intel\iCLS Client\;C:\Windows\system32;C:\Windows;C:\Windows\System32\Wbem;C:\Windows\System32\WindowsPowerShell\v1.0\;C:\Program Files (x86)\Intel\OpenCL SDK\2.0\bin\x86;C:\Program Files (x86)\Intel\OpenCL SDK\2.0\bin\x64;C:\Program Files\Intel\Intel(R) Management Engine Components\DAL;C:\Program Files\Intel\Intel(R) Management Engine Components\IPT;C:\Program Files (x86)\Intel\Intel(R) Management Engine Components\DAL;C:\Program Files (x86)\Intel\Intel(R) Management Engine Components\IPT;C:\Program Files\ThinkPad\Bluetooth Software\;C:\Program Files\ThinkPad\Bluetooth Software\syswow64;C:\Program Files (x86)\Lenovo\Access Connections\;C:\Program Files\TortoiseSVN\bin;C:\Program Files\VanDyke Software\Clients\;C:\Program Files\Git\cmd;.]
2019-03-15 00:13:49,234 [INFO] [localhost-startStop-1] o.a.c.c.ContainerBase.[Tomcat].[localhost].[/renren-admin] [DirectJDKLog.java : 180] Initializing Spring embedded WebApplicationContext
2019-03-15 00:13:50,319 [INFO] [main] com.alibaba.druid.pool.DruidDataSource [DruidDataSource.java : 1825] {dataSource-1} closed
2019-03-15 00:13:50,323 [INFO] [main] org.apache.catalina.core.StandardService [DirectJDKLog.java : 180] Stopping service [Tomcat]
2019-03-15 00:14:08,867 [INFO] [main] o.s.data.repository.config.RepositoryConfigurationDelegate [RepositoryConfigurationDelegate.java : 163] Multiple Spring Data modules found, entering strict repository configuration mode!
2019-03-15 00:14:10,070 [WARN] [main] com.alibaba.druid.pool.DruidAbstractDataSource [DruidAbstractDataSource.java : 1176] oracle.jdbc.driver.OracleDriver is deprecated.Having use oracle.jdbc.OracleDriver.
2019-03-15 00:14:10,344 [INFO] [main] com.alibaba.druid.pool.DruidDataSource [DruidDataSource.java : 930] {dataSource-1} inited
2019-03-15 00:14:10,873 [WARN] [main] com.baomidou.mybatisplus.toolkit.TableInfoHelper [TableInfoHelper.java : 188] Warn: Could not find @TableId in Class: io.renren.modules.oss.entity.AssayEntity.
2019-03-15 00:14:10,874 [WARN] [main] com.baomidou.mybatisplus.mapper.AutoSqlInjector [AutoSqlInjector.java : 147] class io.renren.modules.oss.entity.AssayEntity ,Not found @TableId annotation, Cannot use Mybatis-Plus 'xxById' Method.
2019-03-15 00:14:13,786 [INFO] [main] org.apache.catalina.core.StandardService [DirectJDKLog.java : 180] Starting service [Tomcat]
2019-03-15 00:14:13,787 [INFO] [main] org.apache.catalina.core.StandardEngine [DirectJDKLog.java : 180] Starting Servlet Engine: Apache Tomcat/8.5.31
2019-03-15 00:14:13,805 [INFO] [localhost-startStop-1] org.apache.catalina.core.AprLifecycleListener [DirectJDKLog.java : 180] The APR based Apache Tomcat Native library which allows optimal performance in production environments was not found on the java.library.path: [C:\Program Files (x86)\Java\jdk1.8.0_162\bin;C:\Windows\Sun\Java\bin;C:\Windows\system32;C:\Windows;C:\ProgramData\Oracle\Java\javapath;E:\devenvironment\apache-maven-3.0.5-bin\apache-maven-3.0.5/bin;C:\Program Files (x86)\Java\jdk1.8.0_162\bin;C:\Program Files (x86)\Intel\iCLS Client\;C:\Program Files\Intel\iCLS Client\;C:\Windows\system32;C:\Windows;C:\Windows\System32\Wbem;C:\Windows\System32\WindowsPowerShell\v1.0\;C:\Program Files (x86)\Intel\OpenCL SDK\2.0\bin\x86;C:\Program Files (x86)\Intel\OpenCL SDK\2.0\bin\x64;C:\Program Files\Intel\Intel(R) Management Engine Components\DAL;C:\Program Files\Intel\Intel(R) Management Engine Components\IPT;C:\Program Files (x86)\Intel\Intel(R) Management Engine Components\DAL;C:\Program Files (x86)\Intel\Intel(R) Management Engine Components\IPT;C:\Program Files\ThinkPad\Bluetooth Software\;C:\Program Files\ThinkPad\Bluetooth Software\syswow64;C:\Program Files (x86)\Lenovo\Access Connections\;C:\Program Files\TortoiseSVN\bin;C:\Program Files\VanDyke Software\Clients\;C:\Program Files\Git\cmd;.]
2019-03-15 00:14:14,130 [INFO] [localhost-startStop-1] o.a.c.c.ContainerBase.[Tomcat].[localhost].[/renren-admin] [DirectJDKLog.java : 180] Initializing Spring embedded WebApplicationContext
2019-03-15 00:14:15,325 [INFO] [main] org.quartz.impl.StdSchedulerFactory [StdSchedulerFactory.java : 1208] Using default implementation for ThreadExecutor
2019-03-15 00:14:15,350 [INFO] [main] org.quartz.core.SchedulerSignalerImpl [SchedulerSignalerImpl.java : 61] Initialized Scheduler Signaller of type: class org.quartz.core.SchedulerSignalerImpl
2019-03-15 00:14:15,351 [INFO] [main] org.quartz.core.QuartzScheduler [QuartzScheduler.java : 229] Quartz Scheduler v.2.3.0 created.
2019-03-15 00:14:15,357 [INFO] [main] o.springframework.scheduling.quartz.LocalDataSourceJobStore [JobStoreSupport.java : 672] Using db table-based data access locking (synchronization).
2019-03-15 00:14:15,360 [INFO] [main] o.springframework.scheduling.quartz.LocalDataSourceJobStore [JobStoreCMT.java : 145] JobStoreCMT initialized.
2019-03-15 00:14:15,361 [INFO] [main] org.quartz.core.QuartzScheduler [QuartzScheduler.java : 294] Scheduler meta-data: Quartz Scheduler (v2.3.0) 'RenrenScheduler' with instanceId 'Thinkpad-PC1552580055330'
  Scheduler class: 'org.quartz.core.QuartzScheduler' - running locally.
  NOT STARTED.
  Currently in standby mode.
  Number of jobs executed: 0
  Using thread pool 'org.quartz.simpl.SimpleThreadPool' - with 20 threads.
  Using job-store 'org.springframework.scheduling.quartz.LocalDataSourceJobStore' - which supports persistence. and is clustered.

2019-03-15 00:14:15,361 [INFO] [main] org.quartz.impl.StdSchedulerFactory [StdSchedulerFactory.java : 1362] Quartz scheduler 'RenrenScheduler' initialized from an externally provided properties instance.
2019-03-15 00:14:15,362 [INFO] [main] org.quartz.impl.StdSchedulerFactory [StdSchedulerFactory.java : 1366] Quartz scheduler version: 2.3.0
2019-03-15 00:14:15,364 [INFO] [main] org.quartz.core.QuartzScheduler [QuartzScheduler.java : 2287] JobFactory set to: org.springframework.scheduling.quartz.AdaptableJobFactory@e94de9
2019-03-15 00:14:15,592 [DEBUG] [main] io.renren.modules.job.dao.ScheduleJobDao.selectList [BaseJdbcLogger.java : 159] ==>  Preparing: SELECT job_id AS jobId,bean_name AS beanName,method_name AS methodName,params,cron_expression AS cronExpression,`status`,remark,create_time AS createTime FROM schedule_job 
2019-03-15 00:14:15,635 [DEBUG] [main] io.renren.modules.job.dao.ScheduleJobDao.selectList [BaseJdbcLogger.java : 159] ==> Parameters: 
2019-03-15 00:14:15,664 [DEBUG] [main] io.renren.modules.job.dao.ScheduleJobDao.selectList [BaseJdbcLogger.java : 159] <==      Total: 2
2019-03-15 00:14:20,957 [INFO] [main] s.d.spring.web.plugins.DocumentationPluginsBootstrapper [DocumentationPluginsBootstrapper.java : 147] Context refreshed
2019-03-15 00:14:20,990 [INFO] [main] s.d.spring.web.plugins.DocumentationPluginsBootstrapper [DocumentationPluginsBootstrapper.java : 150] Found 1 custom documentation plugin(s)
2019-03-15 00:14:21,045 [INFO] [main] s.d.spring.web.scanners.ApiListingReferenceScanner [ApiListingReferenceScanner.java : 41] Scanning for api listing references
2019-03-15 00:15:05,817 [INFO] [main] o.s.data.repository.config.RepositoryConfigurationDelegate [RepositoryConfigurationDelegate.java : 163] Multiple Spring Data modules found, entering strict repository configuration mode!
2019-03-15 00:15:07,310 [WARN] [main] com.alibaba.druid.pool.DruidAbstractDataSource [DruidAbstractDataSource.java : 1176] oracle.jdbc.driver.OracleDriver is deprecated.Having use oracle.jdbc.OracleDriver.
2019-03-15 00:15:07,528 [INFO] [main] com.alibaba.druid.pool.DruidDataSource [DruidDataSource.java : 930] {dataSource-1} inited
2019-03-15 00:15:08,014 [WARN] [main] com.baomidou.mybatisplus.toolkit.TableInfoHelper [TableInfoHelper.java : 188] Warn: Could not find @TableId in Class: io.renren.modules.oss.entity.AssayEntity.
2019-03-15 00:15:08,015 [WARN] [main] com.baomidou.mybatisplus.mapper.AutoSqlInjector [AutoSqlInjector.java : 147] class io.renren.modules.oss.entity.AssayEntity ,Not found @TableId annotation, Cannot use Mybatis-Plus 'xxById' Method.
2019-03-15 00:15:10,821 [INFO] [main] org.apache.catalina.core.StandardService [DirectJDKLog.java : 180] Starting service [Tomcat]
2019-03-15 00:15:10,822 [INFO] [main] org.apache.catalina.core.StandardEngine [DirectJDKLog.java : 180] Starting Servlet Engine: Apache Tomcat/8.5.31
2019-03-15 00:15:10,836 [INFO] [localhost-startStop-1] org.apache.catalina.core.AprLifecycleListener [DirectJDKLog.java : 180] The APR based Apache Tomcat Native library which allows optimal performance in production environments was not found on the java.library.path: [C:\Program Files (x86)\Java\jdk1.8.0_162\bin;C:\Windows\Sun\Java\bin;C:\Windows\system32;C:\Windows;C:\ProgramData\Oracle\Java\javapath;E:\devenvironment\apache-maven-3.0.5-bin\apache-maven-3.0.5/bin;C:\Program Files (x86)\Java\jdk1.8.0_162\bin;C:\Program Files (x86)\Intel\iCLS Client\;C:\Program Files\Intel\iCLS Client\;C:\Windows\system32;C:\Windows;C:\Windows\System32\Wbem;C:\Windows\System32\WindowsPowerShell\v1.0\;C:\Program Files (x86)\Intel\OpenCL SDK\2.0\bin\x86;C:\Program Files (x86)\Intel\OpenCL SDK\2.0\bin\x64;C:\Program Files\Intel\Intel(R) Management Engine Components\DAL;C:\Program Files\Intel\Intel(R) Management Engine Components\IPT;C:\Program Files (x86)\Intel\Intel(R) Management Engine Components\DAL;C:\Program Files (x86)\Intel\Intel(R) Management Engine Components\IPT;C:\Program Files\ThinkPad\Bluetooth Software\;C:\Program Files\ThinkPad\Bluetooth Software\syswow64;C:\Program Files (x86)\Lenovo\Access Connections\;C:\Program Files\TortoiseSVN\bin;C:\Program Files\VanDyke Software\Clients\;C:\Program Files\Git\cmd;.]
2019-03-15 00:15:11,148 [INFO] [localhost-startStop-1] o.a.c.c.ContainerBase.[Tomcat].[localhost].[/renren-admin] [DirectJDKLog.java : 180] Initializing Spring embedded WebApplicationContext
2019-03-15 00:15:12,513 [INFO] [main] com.alibaba.druid.pool.DruidDataSource [DruidDataSource.java : 1825] {dataSource-1} closed
2019-03-15 00:15:12,517 [INFO] [main] org.apache.catalina.core.StandardService [DirectJDKLog.java : 180] Stopping service [Tomcat]
